{
  "RSpec": {
    "coverage": {
      "/home/url-shortner/app/helpers/application_helper.rb": [
        1,
        null
      ],
      "/home/url-shortner/app/controllers/admin_controller.rb": [
        1,
        1,
        null,
        null,
        1,
        0,
        null,
        null,
        null,
        1,
        0,
        null,
        null,
        null,
        null,
        0,
        0,
        null,
        0,
        null,
        0,
        null,
        null
      ],
      "/home/url-shortner/app/controllers/application_controller.rb": [
        1,
        null,
        null,
        1,
        null,
        1,
        0,
        null,
        1,
        null,
        1,
        0,
        null,
        null,
        1,
        0,
        null,
        null
      ],
      "/home/url-shortner/app/controllers/landings_controller.rb": [
        1,
        1,
        null
      ],
      "/home/url-shortner/app/models/url.rb": [
        1,
        null,
        1,
        null,
        1,
        null,
        1,
        null
      ],
      "/home/url-shortner/app/models/application_record.rb": [
        1,
        1,
        null
      ],
      "/home/url-shortner/app/models/user.rb": [
        1,
        1,
        null,
        null,
        1,
        null,
        1,
        1,
        null,
        1,
        null
      ],
      "/home/url-shortner/app/controllers/sessions_controller.rb": [
        0,
        0,
        null,
        0,
        null,
        null,
        0,
        0,
        0,
        0,
        0,
        0,
        null,
        0,
        0,
        null,
        0,
        0,
        0,
        0,
        0,
        0,
        0,
        0,
        0,
        null,
        0,
        0,
        0,
        0,
        0,
        0
      ],
      "/home/url-shortner/app/controllers/url_controller.rb": [
        0,
        0,
        null,
        0,
        0,
        null,
        0,
        0,
        0,
        0,
        0,
        null,
        0,
        0,
        null,
        0,
        0,
        0,
        0,
        0,
        0,
        0,
        0,
        null,
        0,
        0,
        0,
        null,
        0,
        0,
        0,
        0,
        0,
        0,
        0,
        null,
        0,
        null,
        0,
        0,
        0,
        0,
        0,
        0
      ],
      "/home/url-shortner/app/controllers/users_controller.rb": [
        0,
        0,
        null,
        0,
        0,
        0,
        null,
        0,
        0,
        0,
        0,
        0,
        0,
        0,
        0,
        0
      ],
      "/home/url-shortner/app/jobs/application_job.rb": [
        0,
        0
      ]
    },
    "timestamp": 1524501628
  }
}
